g:\cppprojects\structuralanalysisopenmp\structur.4353d233\x64\debug\vc143.pdb
g:\cppprojects\structuralanalysisopenmp\structur.4353d233\x64\debug\vc143.idb
g:\cppprojects\structuralanalysisopenmp\structur.4353d233\x64\debug\structuralanalysisopenmp.obj
g:\cppprojects\structuralanalysisopenmp\structur.4353d233\x64\debug\stiffnessmatrixassembleropenmp.obj
g:\cppprojects\structuralanalysisopenmp\structur.4353d233\x64\debug\solveropenmp.obj
g:\cppprojects\structuralanalysisopenmp\structur.4353d233\x64\debug\postprocessoropenmp.obj
g:\cppprojects\structuralanalysisopenmp\structur.4353d233\x64\debug\delaunaytriangulationopenmp.obj
g:\cppprojects\structuralanalysisopenmp\structur.4353d233\x64\debug\boundaryconditionsopenmp.obj
g:\cppprojects\structuralanalysisopenmp\x64\debug\structuralanalysisopenmp.exe
g:\cppprojects\structuralanalysisopenmp\x64\debug\structuralanalysisopenmp.pdb
g:\cppprojects\structuralanalysisopenmp\structur.4353d233\x64\debug\structuralanalysisopenmp.ilk
g:\cppprojects\structuralanalysisopenmp\structur.4353d233\x64\debug\boundaryconditionsopenmp.nativecodeanalysis.xml
g:\cppprojects\structuralanalysisopenmp\structur.4353d233\x64\debug\delaunaytriangulationopenmp.nativecodeanalysis.xml
g:\cppprojects\structuralanalysisopenmp\structur.4353d233\x64\debug\postprocessoropenmp.nativecodeanalysis.xml
g:\cppprojects\structuralanalysisopenmp\structur.4353d233\x64\debug\solveropenmp.nativecodeanalysis.xml
g:\cppprojects\structuralanalysisopenmp\structur.4353d233\x64\debug\stiffnessmatrixassembleropenmp.nativecodeanalysis.xml
g:\cppprojects\structuralanalysisopenmp\structur.4353d233\x64\debug\structuralanalysisopenmp.nativecodeanalysis.xml
g:\cppprojects\structuralanalysisopenmp\structur.4353d233\x64\debug\vc.nativecodeanalysis.all.xml
g:\cppprojects\structuralanalysisopenmp\structur.4353d233\x64\debug\structur.4353d233.tlog\cl.command.1.tlog
g:\cppprojects\structuralanalysisopenmp\structur.4353d233\x64\debug\structur.4353d233.tlog\cl.items.tlog
g:\cppprojects\structuralanalysisopenmp\structur.4353d233\x64\debug\structur.4353d233.tlog\cl.read.1.tlog
g:\cppprojects\structuralanalysisopenmp\structur.4353d233\x64\debug\structur.4353d233.tlog\cl.write.1.tlog
g:\cppprojects\structuralanalysisopenmp\structur.4353d233\x64\debug\structur.4353d233.tlog\link.command.1.tlog
g:\cppprojects\structuralanalysisopenmp\structur.4353d233\x64\debug\structur.4353d233.tlog\link.read.1.tlog
g:\cppprojects\structuralanalysisopenmp\structur.4353d233\x64\debug\structur.4353d233.tlog\link.secondary.1.tlog
g:\cppprojects\structuralanalysisopenmp\structur.4353d233\x64\debug\structur.4353d233.tlog\link.write.1.tlog
